2015-11-10 15:26:56 10fc InnoDB: Warning: Using innodb_additional_mem_pool_size is DEPRECATED. This option may be removed in future releases, together with the option innodb_use_sys_malloc and with the InnoDB's internal memory allocator.
2015-11-10 15:26:56 4348 [Note] InnoDB: Using mutexes to ref count buffer pool pages
2015-11-10 15:26:56 4348 [Note] InnoDB: The InnoDB memory heap is disabled
2015-11-10 15:26:56 4348 [Note] InnoDB: Mutexes and rw_locks use Windows interlocked functions
2015-11-10 15:26:56 4348 [Note] InnoDB: Memory barrier is not used
2015-11-10 15:26:56 4348 [Note] InnoDB: Compressed tables use zlib 1.2.3
2015-11-10 15:26:56 4348 [Note] InnoDB: Not using CPU crc32 instructions
2015-11-10 15:26:56 4348 [Note] InnoDB: Initializing buffer pool, size = 16.0M
2015-11-10 15:26:56 4348 [Note] InnoDB: Completed initialization of buffer pool
2015-11-10 15:26:56 4348 [Note] InnoDB: Highest supported file format is Barracuda.
2015-11-10 15:26:57 4348 [Note] InnoDB: 128 rollback segment(s) are active.
2015-11-10 15:26:57 4348 [Note] InnoDB: Waiting for purge to start
2015-11-10 15:26:57 4348 [Note] InnoDB:  Percona XtraDB (http://www.percona.com) 5.6.26-74.0 started; log sequence number 1835027
2015-11-10 15:26:57 6140 [Note] InnoDB: Dumping buffer pool(s) not yet started
2015-11-10 15:26:57 4348 [Note] Plugin 'FEEDBACK' is disabled.
2015-11-10 15:26:57 4348 [Note] Server socket created on IP: '::'.
2015-11-10 15:26:57 4348 [Note] Event Scheduler: Loaded 0 events
2015-11-10 15:26:57 4348 [Note] C:\xampp\mysql\bin\mysqld.exe: ready for connections.
Version: '10.1.8-MariaDB'  socket: ''  port: 3306  mariadb.org binary distribution
2015-11-10 15:27:11 5152 [Note] C:\xampp\mysql\bin\mysqld.exe: Normal shutdown

2015-11-10 15:27:11 5152 [Note] Event Scheduler: Purging the queue. 0 events
2015-11-10 15:27:11 5732 [Note] InnoDB: FTS optimize thread exiting.
2015-11-10 15:27:11 5152 [Note] InnoDB: Starting shutdown...
2015-11-10 15:27:13 5152 [Note] InnoDB: Shutdown completed; log sequence number 1835037
2015-11-10 15:27:13 5152 [Note] C:\xampp\mysql\bin\mysqld.exe: Shutdown complete

2018-05-08 21:29:23 1250 InnoDB: Warning: Using innodb_additional_mem_pool_size is DEPRECATED. This option may be removed in future releases, together with the option innodb_use_sys_malloc and with the InnoDB's internal memory allocator.
2018-05-08 21:29:23 4688 [Note] InnoDB: innodb_empty_free_list_algorithm has been changed to legacy because of small buffer pool size. In order to use backoff, increase buffer pool at least up to 20MB.

2018-05-08 21:29:23 4688 [Note] InnoDB: Using mutexes to ref count buffer pool pages
2018-05-08 21:29:23 4688 [Note] InnoDB: The InnoDB memory heap is disabled
2018-05-08 21:29:23 4688 [Note] InnoDB: Mutexes and rw_locks use Windows interlocked functions
2018-05-08 21:29:23 4688 [Note] InnoDB: _mm_lfence() and _mm_sfence() are used for memory barrier
2018-05-08 21:29:23 4688 [Note] InnoDB: Compressed tables use zlib 1.2.3
2018-05-08 21:29:23 4688 [Note] InnoDB: Using generic crc32 instructions
2018-05-08 21:29:23 4688 [Note] InnoDB: Initializing buffer pool, size = 16.0M
2018-05-08 21:29:23 4688 [Note] InnoDB: Completed initialization of buffer pool
2018-05-08 21:29:23 4688 [Note] InnoDB: Highest supported file format is Barracuda.
2018-05-08 21:29:23 4688 [Note] InnoDB: 128 rollback segment(s) are active.
2018-05-08 21:29:23 4688 [Note] InnoDB: Waiting for purge to start
2018-05-08 21:29:23 4688 [Note] InnoDB:  Percona XtraDB (http://www.percona.com) 5.6.36-83.0 started; log sequence number 1835037
2018-05-08 21:29:24 10024 [Note] InnoDB: Dumping buffer pool(s) not yet started
2018-05-08 21:29:24 4688 [Note] Plugin 'FEEDBACK' is disabled.
2018-05-08 21:29:24 4688 [Note] Server socket created on IP: '::'.
2018-05-08 21:29:24 4688 [Note] e:\xampp\mysql\bin\mysqld.exe: ready for connections.
Version: '10.1.31-MariaDB'  socket: ''  port: 3306  mariadb.org binary distribution
2018-05-09 08:57:56 1ddc InnoDB: Warning: Using innodb_additional_mem_pool_size is DEPRECATED. This option may be removed in future releases, together with the option innodb_use_sys_malloc and with the InnoDB's internal memory allocator.
2018-05-09  8:57:56 7644 [Note] InnoDB: innodb_empty_free_list_algorithm has been changed to legacy because of small buffer pool size. In order to use backoff, increase buffer pool at least up to 20MB.

2018-05-09  8:57:56 7644 [Note] InnoDB: Using mutexes to ref count buffer pool pages
2018-05-09  8:57:56 7644 [Note] InnoDB: The InnoDB memory heap is disabled
2018-05-09  8:57:56 7644 [Note] InnoDB: Mutexes and rw_locks use Windows interlocked functions
2018-05-09  8:57:56 7644 [Note] InnoDB: _mm_lfence() and _mm_sfence() are used for memory barrier
2018-05-09  8:57:56 7644 [Note] InnoDB: Compressed tables use zlib 1.2.3
2018-05-09  8:57:56 7644 [Note] InnoDB: Using generic crc32 instructions
2018-05-09  8:57:56 7644 [Note] InnoDB: Initializing buffer pool, size = 16.0M
2018-05-09  8:57:56 7644 [Note] InnoDB: Completed initialization of buffer pool
2018-05-09  8:57:57 7644 [Note] InnoDB: Highest supported file format is Barracuda.
2018-05-09  8:57:57 7644 [Note] InnoDB: The log sequence number 1835037 in ibdata file do not match the log sequence number 2252114 in the ib_logfiles!
2018-05-09  8:57:59 7644 [Note] InnoDB: Restoring possible half-written data pages from the doublewrite buffer...
2018-05-09  8:58:03 7644 [Note] InnoDB: 128 rollback segment(s) are active.
2018-05-09  8:58:03 7644 [Note] InnoDB: Waiting for purge to start
2018-05-09  8:58:03 7644 [Note] InnoDB:  Percona XtraDB (http://www.percona.com) 5.6.36-83.0 started; log sequence number 2252114
2018-05-09  8:58:04 3480 [Note] InnoDB: Dumping buffer pool(s) not yet started
2018-05-09  8:58:04 7644 [Note] Plugin 'FEEDBACK' is disabled.
2018-05-09  8:58:04 7644 [Note] Server socket created on IP: '::'.
2018-05-09  8:58:04 7644 [ERROR] mysqld.exe: Table '.\mysql\user' is marked as crashed and should be repaired
2018-05-09  8:58:04 7644 [Warning] Checking table:   '.\mysql\user'
2018-05-09  8:58:04 7644 [ERROR] mysql.user: 1 client is using or hasn't closed the table properly
2018-05-09  8:58:05 7644 [Note] e:\xampp\mysql\bin\mysqld.exe: ready for connections.
Version: '10.1.31-MariaDB'  socket: ''  port: 3306  mariadb.org binary distribution
2018-05-09 09:24:02 928 InnoDB: Warning: Using innodb_additional_mem_pool_size is DEPRECATED. This option may be removed in future releases, together with the option innodb_use_sys_malloc and with the InnoDB's internal memory allocator.
2018-05-09  9:24:02 2344 [Note] InnoDB: innodb_empty_free_list_algorithm has been changed to legacy because of small buffer pool size. In order to use backoff, increase buffer pool at least up to 20MB.

2018-05-09  9:24:03 2344 [Note] InnoDB: Using mutexes to ref count buffer pool pages
2018-05-09  9:24:03 2344 [Note] InnoDB: The InnoDB memory heap is disabled
2018-05-09  9:24:03 2344 [Note] InnoDB: Mutexes and rw_locks use Windows interlocked functions
2018-05-09  9:24:03 2344 [Note] InnoDB: _mm_lfence() and _mm_sfence() are used for memory barrier
2018-05-09  9:24:03 2344 [Note] InnoDB: Compressed tables use zlib 1.2.3
2018-05-09  9:24:03 2344 [Note] InnoDB: Using generic crc32 instructions
2018-05-09  9:24:03 2344 [Note] InnoDB: Initializing buffer pool, size = 16.0M
2018-05-09  9:24:03 2344 [Note] InnoDB: Completed initialization of buffer pool
2018-05-09  9:24:04 2344 [Note] InnoDB: Highest supported file format is Barracuda.
2018-05-09  9:24:04 2344 [Note] InnoDB: The log sequence number 1835037 in ibdata file do not match the log sequence number 2252124 in the ib_logfiles!
2018-05-09  9:24:09 2344 [Note] InnoDB: Restoring possible half-written data pages from the doublewrite buffer...
2018-05-09  9:24:11 2344 [Note] InnoDB: 128 rollback segment(s) are active.
2018-05-09  9:24:11 2344 [Note] InnoDB: Waiting for purge to start
2018-05-09  9:24:11 2344 [Note] InnoDB:  Percona XtraDB (http://www.percona.com) 5.6.36-83.0 started; log sequence number 2252124
2018-05-09  9:24:11 7384 [Note] InnoDB: Dumping buffer pool(s) not yet started
2018-05-09  9:24:11 2344 [Note] Plugin 'FEEDBACK' is disabled.
2018-05-09  9:24:11 2344 [Note] Server socket created on IP: '::'.
2018-05-09  9:24:12 2344 [Note] e:\xampp\mysql\bin\mysqld.exe: ready for connections.
Version: '10.1.31-MariaDB'  socket: ''  port: 3306  mariadb.org binary distribution
2018-05-09 17:25:27 1a50 InnoDB: Warning: Using innodb_additional_mem_pool_size is DEPRECATED. This option may be removed in future releases, together with the option innodb_use_sys_malloc and with the InnoDB's internal memory allocator.
2018-05-09 17:25:27 6736 [Note] InnoDB: innodb_empty_free_list_algorithm has been changed to legacy because of small buffer pool size. In order to use backoff, increase buffer pool at least up to 20MB.

2018-05-09 17:25:27 6736 [Note] InnoDB: Using mutexes to ref count buffer pool pages
2018-05-09 17:25:27 6736 [Note] InnoDB: The InnoDB memory heap is disabled
2018-05-09 17:25:27 6736 [Note] InnoDB: Mutexes and rw_locks use Windows interlocked functions
2018-05-09 17:25:27 6736 [Note] InnoDB: _mm_lfence() and _mm_sfence() are used for memory barrier
2018-05-09 17:25:27 6736 [Note] InnoDB: Compressed tables use zlib 1.2.3
2018-05-09 17:25:27 6736 [Note] InnoDB: Using generic crc32 instructions
2018-05-09 17:25:27 6736 [Note] InnoDB: Initializing buffer pool, size = 16.0M
2018-05-09 17:25:27 6736 [Note] InnoDB: Completed initialization of buffer pool
2018-05-09 17:25:28 6736 [Note] InnoDB: Highest supported file format is Barracuda.
2018-05-09 17:25:28 6736 [Note] InnoDB: The log sequence number 1835037 in ibdata file do not match the log sequence number 2292010 in the ib_logfiles!
2018-05-09 17:25:29 6736 [Note] InnoDB: Restoring possible half-written data pages from the doublewrite buffer...
2018-05-09 17:25:31 6736 [Note] InnoDB: 128 rollback segment(s) are active.
2018-05-09 17:25:31 6736 [Note] InnoDB: Waiting for purge to start
2018-05-09 17:25:31 6736 [Note] InnoDB:  Percona XtraDB (http://www.percona.com) 5.6.36-83.0 started; log sequence number 2292010
2018-05-09 17:25:32 1776 [Note] InnoDB: Dumping buffer pool(s) not yet started
2018-05-09 17:25:32 6736 [Note] Plugin 'FEEDBACK' is disabled.
2018-05-09 17:25:32 6736 [Note] Server socket created on IP: '::'.
2018-05-09 17:25:33 6736 [Note] e:\xampp\mysql\bin\mysqld.exe: ready for connections.
Version: '10.1.31-MariaDB'  socket: ''  port: 3306  mariadb.org binary distribution
2018-05-09 17:41:19 79c InnoDB: Warning: Using innodb_additional_mem_pool_size is DEPRECATED. This option may be removed in future releases, together with the option innodb_use_sys_malloc and with the InnoDB's internal memory allocator.
2018-05-09 17:41:19 1948 [Note] InnoDB: innodb_empty_free_list_algorithm has been changed to legacy because of small buffer pool size. In order to use backoff, increase buffer pool at least up to 20MB.

2018-05-09 17:41:19 1948 [Note] InnoDB: Using mutexes to ref count buffer pool pages
2018-05-09 17:41:19 1948 [Note] InnoDB: The InnoDB memory heap is disabled
2018-05-09 17:41:19 1948 [Note] InnoDB: Mutexes and rw_locks use Windows interlocked functions
2018-05-09 17:41:19 1948 [Note] InnoDB: _mm_lfence() and _mm_sfence() are used for memory barrier
2018-05-09 17:41:19 1948 [Note] InnoDB: Compressed tables use zlib 1.2.3
2018-05-09 17:41:19 1948 [Note] InnoDB: Using generic crc32 instructions
2018-05-09 17:41:19 1948 [Note] InnoDB: Initializing buffer pool, size = 16.0M
2018-05-09 17:41:19 1948 [Note] InnoDB: Completed initialization of buffer pool
2018-05-09 17:41:19 79c  InnoDB: Operating system error number 3 in a file operation.
InnoDB: The error means the system cannot find the path specified.
InnoDB: If you are installing InnoDB, remember that you must create
InnoDB: directories yourself, InnoDB does not create them.
 InnoDB: Operation create to file D:\win32-packages\build\src\storage\xtradb\os\os0file.cc and at line 2056
2018-05-09 17:41:19 1948 [ERROR] InnoDB: File D:\restaurant\Git\data\ibdata1: 'create' returned OS error 203. Cannot continue operation
180509 17:41:19 [ERROR] mysqld got exception 0x80000003 ;
This could be because you hit a bug. It is also possible that this binary
or one of the libraries it was linked against is corrupt, improperly built,
or misconfigured. This error can also be caused by malfunctioning hardware.

To report this bug, see https://mariadb.com/kb/en/reporting-bugs

We will try our best to scrape up some info that will hopefully help
diagnose the problem, but since we have already crashed, 
something is definitely wrong and this may fail.

Server version: 10.1.31-MariaDB
key_buffer_size=16777216
read_buffer_size=262144
max_used_connections=0
max_threads=1001
thread_count=0
It is possible that mysqld could use up to 
key_buffer_size + (read_buffer_size + sort_buffer_size)*max_threads = 787129 K  bytes of memory
Hope that's ok; if not, decrease some variables in the equation.

Thread pointer: 0x0
Attempting backtrace. You can use the following information to find out
where mysqld died. If you see no messages after this, something went
terribly wrong...
mysqld.exe!my_parameter_handler()
mysqld.exe!strxnmov()
mysqld.exe!?propagate_equal_fields@Item@@UAEPAV1@PAVTHD@@ABVContext@Value_source@@PAVCOND_EQUAL@@@Z()
mysqld.exe!?propagate_equal_fields@Item@@UAEPAV1@PAVTHD@@ABVContext@Value_source@@PAVCOND_EQUAL@@@Z()
mysqld.exe!?propagate_equal_fields@Item@@UAEPAV1@PAVTHD@@ABVContext@Value_source@@PAVCOND_EQUAL@@@Z()
mysqld.exe!?propagate_equal_fields@Item@@UAEPAV1@PAVTHD@@ABVContext@Value_source@@PAVCOND_EQUAL@@@Z()
mysqld.exe!?propagate_equal_fields@Item@@UAEPAV1@PAVTHD@@ABVContext@Value_source@@PAVCOND_EQUAL@@@Z()
mysqld.exe!?get_select_id@Explain_basic_join@@UAEHXZ()
mysqld.exe!?ha_initialize_handlerton@@YAHPAUst_plugin_int@@@Z()
mysqld.exe!?plugin_init@@YAHPAHPAPADH@Z()
mysqld.exe!?plugin_init@@YAHPAHPAPADH@Z()
mysqld.exe!?init_net_server_extension@@YAXPAVTHD@@@Z()
mysqld.exe!?win_main@@YAHHPAPAD@Z()
mysqld.exe!?mysql_service@@YAHPAX@Z()
mysqld.exe!strxnmov()
KERNEL32.DLL!BaseThreadInitThunk()
ntdll.dll!RtlGetAppContainerNamedObjectPath()
ntdll.dll!RtlGetAppContainerNamedObjectPath()
The manual page at http://dev.mysql.com/doc/mysql/en/crashing.html contains
information that should help you find out what is causing the crash.
2018-05-09 17:41:28 2990 InnoDB: Warning: Using innodb_additional_mem_pool_size is DEPRECATED. This option may be removed in future releases, together with the option innodb_use_sys_malloc and with the InnoDB's internal memory allocator.
2018-05-09 17:41:28 10640 [Note] InnoDB: innodb_empty_free_list_algorithm has been changed to legacy because of small buffer pool size. In order to use backoff, increase buffer pool at least up to 20MB.

2018-05-09 17:41:28 10640 [Note] InnoDB: Using mutexes to ref count buffer pool pages
2018-05-09 17:41:28 10640 [Note] InnoDB: The InnoDB memory heap is disabled
2018-05-09 17:41:28 10640 [Note] InnoDB: Mutexes and rw_locks use Windows interlocked functions
2018-05-09 17:41:28 10640 [Note] InnoDB: _mm_lfence() and _mm_sfence() are used for memory barrier
2018-05-09 17:41:28 10640 [Note] InnoDB: Compressed tables use zlib 1.2.3
2018-05-09 17:41:28 10640 [Note] InnoDB: Using generic crc32 instructions
2018-05-09 17:41:28 10640 [Note] InnoDB: Initializing buffer pool, size = 16.0M
2018-05-09 17:41:28 10640 [Note] InnoDB: Completed initialization of buffer pool
2018-05-09 17:41:28 2990  InnoDB: Operating system error number 3 in a file operation.
InnoDB: The error means the system cannot find the path specified.
InnoDB: If you are installing InnoDB, remember that you must create
InnoDB: directories yourself, InnoDB does not create them.
 InnoDB: Operation create to file D:\win32-packages\build\src\storage\xtradb\os\os0file.cc and at line 2056
2018-05-09 17:41:28 10640 [ERROR] InnoDB: File D:\restaurant\Git\data\ibdata1: 'create' returned OS error 203. Cannot continue operation
180509 17:41:28 [ERROR] mysqld got exception 0x80000003 ;
This could be because you hit a bug. It is also possible that this binary
or one of the libraries it was linked against is corrupt, improperly built,
or misconfigured. This error can also be caused by malfunctioning hardware.

To report this bug, see https://mariadb.com/kb/en/reporting-bugs

We will try our best to scrape up some info that will hopefully help
diagnose the problem, but since we have already crashed, 
something is definitely wrong and this may fail.

Server version: 10.1.31-MariaDB
key_buffer_size=16777216
read_buffer_size=262144
max_used_connections=0
max_threads=1001
thread_count=0
It is possible that mysqld could use up to 
key_buffer_size + (read_buffer_size + sort_buffer_size)*max_threads = 787129 K  bytes of memory
Hope that's ok; if not, decrease some variables in the equation.

Thread pointer: 0x0
Attempting backtrace. You can use the following information to find out
where mysqld died. If you see no messages after this, something went
terribly wrong...
mysqld.exe!my_parameter_handler()
mysqld.exe!strxnmov()
mysqld.exe!?propagate_equal_fields@Item@@UAEPAV1@PAVTHD@@ABVContext@Value_source@@PAVCOND_EQUAL@@@Z()
mysqld.exe!?propagate_equal_fields@Item@@UAEPAV1@PAVTHD@@ABVContext@Value_source@@PAVCOND_EQUAL@@@Z()
mysqld.exe!?propagate_equal_fields@Item@@UAEPAV1@PAVTHD@@ABVContext@Value_source@@PAVCOND_EQUAL@@@Z()
mysqld.exe!?propagate_equal_fields@Item@@UAEPAV1@PAVTHD@@ABVContext@Value_source@@PAVCOND_EQUAL@@@Z()
mysqld.exe!?propagate_equal_fields@Item@@UAEPAV1@PAVTHD@@ABVContext@Value_source@@PAVCOND_EQUAL@@@Z()
mysqld.exe!?get_select_id@Explain_basic_join@@UAEHXZ()
mysqld.exe!?ha_initialize_handlerton@@YAHPAUst_plugin_int@@@Z()
mysqld.exe!?plugin_init@@YAHPAHPAPADH@Z()
mysqld.exe!?plugin_init@@YAHPAHPAPADH@Z()
mysqld.exe!?init_net_server_extension@@YAXPAVTHD@@@Z()
mysqld.exe!?win_main@@YAHHPAPAD@Z()
mysqld.exe!?mysql_service@@YAHPAX@Z()
mysqld.exe!strxnmov()
KERNEL32.DLL!BaseThreadInitThunk()
ntdll.dll!RtlGetAppContainerNamedObjectPath()
ntdll.dll!RtlGetAppContainerNamedObjectPath()
The manual page at http://dev.mysql.com/doc/mysql/en/crashing.html contains
information that should help you find out what is causing the crash.
2018-05-09 17:42:49 26bc InnoDB: Warning: Using innodb_additional_mem_pool_size is DEPRECATED. This option may be removed in future releases, together with the option innodb_use_sys_malloc and with the InnoDB's internal memory allocator.
2018-05-09 17:42:49 9916 [Note] InnoDB: innodb_empty_free_list_algorithm has been changed to legacy because of small buffer pool size. In order to use backoff, increase buffer pool at least up to 20MB.

2018-05-09 17:42:49 9916 [Note] InnoDB: Using mutexes to ref count buffer pool pages
2018-05-09 17:42:49 9916 [Note] InnoDB: The InnoDB memory heap is disabled
2018-05-09 17:42:49 9916 [Note] InnoDB: Mutexes and rw_locks use Windows interlocked functions
2018-05-09 17:42:49 9916 [Note] InnoDB: _mm_lfence() and _mm_sfence() are used for memory barrier
2018-05-09 17:42:49 9916 [Note] InnoDB: Compressed tables use zlib 1.2.3
2018-05-09 17:42:49 9916 [Note] InnoDB: Using generic crc32 instructions
2018-05-09 17:42:49 9916 [Note] InnoDB: Initializing buffer pool, size = 16.0M
2018-05-09 17:42:49 9916 [Note] InnoDB: Completed initialization of buffer pool
2018-05-09 17:42:49 26bc  InnoDB: Operating system error number 3 in a file operation.
InnoDB: The error means the system cannot find the path specified.
InnoDB: If you are installing InnoDB, remember that you must create
InnoDB: directories yourself, InnoDB does not create them.
 InnoDB: Operation create to file D:\win32-packages\build\src\storage\xtradb\os\os0file.cc and at line 2056
2018-05-09 17:42:49 9916 [ERROR] InnoDB: File D:\restaurant\Git\data\ibdata1: 'create' returned OS error 203. Cannot continue operation
180509 17:42:49 [ERROR] mysqld got exception 0x80000003 ;
This could be because you hit a bug. It is also possible that this binary
or one of the libraries it was linked against is corrupt, improperly built,
or misconfigured. This error can also be caused by malfunctioning hardware.

To report this bug, see https://mariadb.com/kb/en/reporting-bugs

We will try our best to scrape up some info that will hopefully help
diagnose the problem, but since we have already crashed, 
something is definitely wrong and this may fail.

Server version: 10.1.31-MariaDB
key_buffer_size=16777216
read_buffer_size=262144
max_used_connections=0
max_threads=1001
thread_count=0
It is possible that mysqld could use up to 
key_buffer_size + (read_buffer_size + sort_buffer_size)*max_threads = 787129 K  bytes of memory
Hope that's ok; if not, decrease some variables in the equation.

Thread pointer: 0x0
Attempting backtrace. You can use the following information to find out
where mysqld died. If you see no messages after this, something went
terribly wrong...
mysqld.exe!my_parameter_handler()
mysqld.exe!strxnmov()
mysqld.exe!?propagate_equal_fields@Item@@UAEPAV1@PAVTHD@@ABVContext@Value_source@@PAVCOND_EQUAL@@@Z()
mysqld.exe!?propagate_equal_fields@Item@@UAEPAV1@PAVTHD@@ABVContext@Value_source@@PAVCOND_EQUAL@@@Z()
mysqld.exe!?propagate_equal_fields@Item@@UAEPAV1@PAVTHD@@ABVContext@Value_source@@PAVCOND_EQUAL@@@Z()
mysqld.exe!?propagate_equal_fields@Item@@UAEPAV1@PAVTHD@@ABVContext@Value_source@@PAVCOND_EQUAL@@@Z()
mysqld.exe!?propagate_equal_fields@Item@@UAEPAV1@PAVTHD@@ABVContext@Value_source@@PAVCOND_EQUAL@@@Z()
mysqld.exe!?get_select_id@Explain_basic_join@@UAEHXZ()
mysqld.exe!?ha_initialize_handlerton@@YAHPAUst_plugin_int@@@Z()
mysqld.exe!?plugin_init@@YAHPAHPAPADH@Z()
mysqld.exe!?plugin_init@@YAHPAHPAPADH@Z()
mysqld.exe!?init_net_server_extension@@YAXPAVTHD@@@Z()
mysqld.exe!?win_main@@YAHHPAPAD@Z()
mysqld.exe!?mysql_service@@YAHPAX@Z()
mysqld.exe!strxnmov()
KERNEL32.DLL!BaseThreadInitThunk()
ntdll.dll!RtlGetAppContainerNamedObjectPath()
ntdll.dll!RtlGetAppContainerNamedObjectPath()
The manual page at http://dev.mysql.com/doc/mysql/en/crashing.html contains
information that should help you find out what is causing the crash.
2018-05-09 17:51:05 1a88 InnoDB: Warning: Using innodb_additional_mem_pool_size is DEPRECATED. This option may be removed in future releases, together with the option innodb_use_sys_malloc and with the InnoDB's internal memory allocator.
2018-05-09 17:51:05 6792 [Note] InnoDB: innodb_empty_free_list_algorithm has been changed to legacy because of small buffer pool size. In order to use backoff, increase buffer pool at least up to 20MB.

2018-05-09 17:51:05 6792 [Note] InnoDB: Using mutexes to ref count buffer pool pages
2018-05-09 17:51:05 6792 [Note] InnoDB: The InnoDB memory heap is disabled
2018-05-09 17:51:05 6792 [Note] InnoDB: Mutexes and rw_locks use Windows interlocked functions
2018-05-09 17:51:05 6792 [Note] InnoDB: _mm_lfence() and _mm_sfence() are used for memory barrier
2018-05-09 17:51:05 6792 [Note] InnoDB: Compressed tables use zlib 1.2.3
2018-05-09 17:51:05 6792 [Note] InnoDB: Using generic crc32 instructions
2018-05-09 17:51:05 6792 [Note] InnoDB: Initializing buffer pool, size = 16.0M
2018-05-09 17:51:05 6792 [Note] InnoDB: Completed initialization of buffer pool
2018-05-09 17:51:05 6792 [Note] InnoDB: Highest supported file format is Barracuda.
2018-05-09 17:51:05 6792 [Note] InnoDB: The log sequence number 1835037 in ibdata file do not match the log sequence number 2292260 in the ib_logfiles!
2018-05-09 17:51:05 6792 [Note] InnoDB: Restoring possible half-written data pages from the doublewrite buffer...
2018-05-09 17:51:06 6792 [Note] InnoDB: 128 rollback segment(s) are active.
2018-05-09 17:51:06 6792 [Note] InnoDB: Waiting for purge to start
2018-05-09 17:51:06 6792 [Note] InnoDB:  Percona XtraDB (http://www.percona.com) 5.6.36-83.0 started; log sequence number 2292260
2018-05-09 17:51:07 4552 [Note] InnoDB: Dumping buffer pool(s) not yet started
2018-05-09 17:51:07 6792 [Note] Plugin 'FEEDBACK' is disabled.
2018-05-09 17:51:07 6792 [Note] Server socket created on IP: '::'.
2018-05-09 17:51:07 6792 [Note] e:\xampp\mysql\bin\mysqld.exe: ready for connections.
Version: '10.1.31-MariaDB'  socket: ''  port: 3306  mariadb.org binary distribution
2018-05-09 18:31:18 222c InnoDB: Warning: Using innodb_additional_mem_pool_size is DEPRECATED. This option may be removed in future releases, together with the option innodb_use_sys_malloc and with the InnoDB's internal memory allocator.
2018-05-09 18:31:18 8748 [Note] InnoDB: innodb_empty_free_list_algorithm has been changed to legacy because of small buffer pool size. In order to use backoff, increase buffer pool at least up to 20MB.

2018-05-09 18:31:18 8748 [Note] InnoDB: Using mutexes to ref count buffer pool pages
2018-05-09 18:31:18 8748 [Note] InnoDB: The InnoDB memory heap is disabled
2018-05-09 18:31:18 8748 [Note] InnoDB: Mutexes and rw_locks use Windows interlocked functions
2018-05-09 18:31:18 8748 [Note] InnoDB: _mm_lfence() and _mm_sfence() are used for memory barrier
2018-05-09 18:31:18 8748 [Note] InnoDB: Compressed tables use zlib 1.2.3
2018-05-09 18:31:18 8748 [Note] InnoDB: Using generic crc32 instructions
2018-05-09 18:31:18 8748 [Note] InnoDB: Initializing buffer pool, size = 16.0M
2018-05-09 18:31:18 8748 [Note] InnoDB: Completed initialization of buffer pool
2018-05-09 18:31:18 8748 [Note] InnoDB: Highest supported file format is Barracuda.
2018-05-09 18:31:18 8748 [Note] InnoDB: The log sequence number 1835037 in ibdata file do not match the log sequence number 2295375 in the ib_logfiles!
2018-05-09 18:31:19 8748 [Note] InnoDB: Restoring possible half-written data pages from the doublewrite buffer...
2018-05-09 18:31:20 8748 [Note] InnoDB: 128 rollback segment(s) are active.
2018-05-09 18:31:20 8748 [Note] InnoDB: Waiting for purge to start
2018-05-09 18:31:20 8748 [Note] InnoDB:  Percona XtraDB (http://www.percona.com) 5.6.36-83.0 started; log sequence number 2295375
2018-05-09 18:31:20 808 [Note] InnoDB: Dumping buffer pool(s) not yet started
2018-05-09 18:31:20 8748 [Note] Plugin 'FEEDBACK' is disabled.
2018-05-09 18:31:20 8748 [Note] Server socket created on IP: '::'.
2018-05-09 18:31:20 8748 [Note] e:\xampp\mysql\bin\mysqld.exe: ready for connections.
Version: '10.1.31-MariaDB'  socket: ''  port: 3306  mariadb.org binary distribution
